<?xml version="1.0" encoding="UTF-8"?>
<coverage generated="1695354607426" clover="3.2.0">
  <project timestamp="1695354607426" name="All files">
    <metrics statements="26" coveredstatements="26" conditionals="6" coveredconditionals="6" methods="9" coveredmethods="9" elements="41" coveredelements="41" complexity="0" loc="26" ncloc="26" packages="1" files="2" classes="2"/>
    <file name="VegetableCsvDAO.ts" path="/home/marceloaugusto/Documentos/LP2/avaliacaoDAO/src/dao/VegetableCsvDAO.ts">
      <metrics statements="8" coveredstatements="8" conditionals="0" coveredconditionals="0" methods="2" coveredmethods="2"/>
      <line num="2" count="1" type="stmt"/>
      <line num="4" count="1" type="stmt"/>
      <line num="6" count="1" type="stmt"/>
      <line num="8" count="1" type="stmt"/>
      <line num="9" count="1" type="stmt"/>
      <line num="10" count="23" type="stmt"/>
      <line num="11" count="23" type="stmt"/>
      <line num="17" count="23" type="stmt"/>
    </file>
    <file name="VegetaisDao.ts" path="/home/marceloaugusto/Documentos/LP2/avaliacaoDAO/src/dao/VegetaisDao.ts">
      <metrics statements="18" coveredstatements="18" conditionals="6" coveredconditionals="6" methods="7" coveredmethods="7"/>
      <line num="1" count="1" type="stmt"/>
      <line num="3" count="1" type="stmt"/>
      <line num="5" count="1" type="stmt"/>
      <line num="10" count="1" type="stmt"/>
      <line num="11" count="1" type="stmt"/>
      <line num="12" count="1" type="stmt"/>
      <line num="16" count="18" type="stmt"/>
      <line num="17" count="1" type="stmt"/>
      <line num="21" count="1" type="stmt"/>
      <line num="22" count="23" type="cond" truecount="3" falsecount="0"/>
      <line num="23" count="4" type="stmt"/>
      <line num="25" count="19" type="stmt"/>
      <line num="27" count="1" type="stmt"/>
      <line num="31" count="1" type="stmt"/>
      <line num="32" count="23" type="cond" truecount="3" falsecount="0"/>
      <line num="33" count="14" type="stmt"/>
      <line num="35" count="9" type="stmt"/>
      <line num="37" count="1" type="stmt"/>
    </file>
  </project>
</coverage>
