TN:
SF:src/dao/VegetableCsvDAO.ts
FN:5,(anonymous_0)
FN:9,(anonymous_1)
FNF:2
FNH:2
FNDA:1,(anonymous_0)
FNDA:23,(anonymous_1)
DA:2,1
DA:4,1
DA:6,1
DA:8,1
DA:9,1
DA:10,23
DA:11,23
DA:17,23
LF:8
LH:8
BRF:0
BRH:0
end_of_record
TN:
SF:src/dao/VegetaisDao.ts
FN:9,(anonymous_0)
FN:15,(anonymous_1)
FN:16,(anonymous_2)
FN:20,(anonymous_3)
FN:21,(anonymous_4)
FN:30,(anonymous_5)
FN:31,(anonymous_6)
FNF:7
FNH:7
FNDA:1,(anonymous_0)
FNDA:1,(anonymous_1)
FNDA:18,(anonymous_2)
FNDA:1,(anonymous_3)
FNDA:23,(anonymous_4)
FNDA:1,(anonymous_5)
FNDA:23,(anonymous_6)
DA:1,1
DA:3,1
DA:5,1
DA:10,1
DA:11,1
DA:12,1
DA:16,18
DA:17,1
DA:21,1
DA:22,23
DA:23,4
DA:25,19
DA:27,1
DA:31,1
DA:32,23
DA:33,14
DA:35,9
DA:37,1
LF:18
LH:18
BRDA:22,0,0,4
BRDA:22,1,0,23
BRDA:22,1,1,22
BRDA:32,2,0,14
BRDA:32,3,0,23
BRDA:32,3,1,22
BRF:6
BRH:6
end_of_record
